make all --print-data-base --no-builtin-variables --no-builtin-rules --question
# GNU Make 4.3
# Built for x86_64-pc-linux-gnu
# Copyright (C) 1988-2020 Free Software Foundation, Inc.
# License GPLv3+: GNU GPL version 3 or later <http://gnu.org/licenses/gpl.html>
# This is free software: you are free to change and redistribute it.
# There is NO WARRANTY, to the extent permitted by law.

# Make data base, printed on Thu May 26 20:05:00 2022

# Variables

# environment
GDK_BACKEND = x11
# environment
LC_ALL = C
# environment
GNOME_SHELL_SESSION_MODE = ubuntu
# environment
SSH_AGENT_LAUNCHER = gnome-keyring
# environment
GJS_DEBUG_OUTPUT = stderr
# environment
VSCODE_IPC_HOOK_EXTHOST = /run/user/1000/vscode-ipc-c978a13a-7cf4-4dc8-967e-cfda6ad2f626.sock
# environment
LC_NAME = en_US.UTF-8
# environment
LC_NUMERIC = en_US.UTF-8
# environment
VSCODE_CWD = /home/cpu
# environment
LC_ADDRESS = en_US.UTF-8
# default
MAKE_COMMAND := make
# environment
QT_ACCESSIBILITY = 1
# automatic
@D = $(patsubst %/,%,$(dir $@))
# environment
VSCODE_HANDLES_UNCAUGHT_ERRORS = true
# default
.VARIABLES := 
# environment
PWD = /home/cpu/func_test
# automatic
%D = $(patsubst %/,%,$(dir $%))
# environment
XDG_DATA_DIRS = /usr/share/ubuntu:/usr/local/share/:/usr/share/:/var/lib/snapd/desktop
# automatic
^D = $(patsubst %/,%,$(dir $^))
# environment
VSCODE_LOG_STACK = false
# automatic
%F = $(notdir $%)
# environment
VSCODE_CODE_CACHE_PATH = /home/cpu/.config/Code/CachedData/c3511e6c69bb39013c4a4b7b9566ec1ca73fc4d5
# environment
LANG = C
# environment
XAUTHORITY = /run/user/1000/.mutter-Xwaylandauth.W9Y0M1
# default
.LOADED := 
# default
.INCLUDE_DIRS = /usr/local/include /usr/include /usr/include
# makefile
MAKEFLAGS = pqrR
# makefile
CURDIR := /home/cpu/func_test
# environment
VSCODE_PIPE_LOGGING = true
# environment
APPLICATION_INSIGHTS_NO_DIAGNOSTIC_CHANNEL = 1
# environment
LESSOPEN = | /usr/bin/lesspipe %s
# automatic
*D = $(patsubst %/,%,$(dir $*))
# environment
MFLAGS = -pqrR
# environment
SSH_AUTH_SOCK = /run/user/1000/keyring/ssh
# default
.SHELLFLAGS := -c
# environment
WAYLAND_DISPLAY = wayland-0
# environment
XDG_CONFIG_DIRS = /etc/xdg/xdg-ubuntu:/etc/xdg
# automatic
+D = $(patsubst %/,%,$(dir $+))
# environment
XDG_SESSION_DESKTOP = ubuntu
# makefile (from 'makefile', line 1)
MAKEFILE_LIST := makefile
# automatic
@F = $(notdir $@)
# environment
VSCODE_VERBOSE_LOGGING = true
# environment
VSCODE_PID = 9885
# environment
XDG_SESSION_TYPE = wayland
# automatic
?D = $(patsubst %/,%,$(dir $?))
# environment
SESSION_MANAGER = local/ubuntu:@/tmp/.ICE-unix/1387,unix/ubuntu:/tmp/.ICE-unix/1387
# automatic
*F = $(notdir $*)
# environment
CHROME_DESKTOP = code-url-handler.desktop
# environment
DBUS_SESSION_BUS_ADDRESS = unix:path=/run/user/1000/bus
# automatic
<D = $(patsubst %/,%,$(dir $<))
# environment
VSCODE_NLS_CONFIG = {"locale":"ko","availableLanguages":{"*":"ko"},"_languagePackId":"738ac08552cca045871a73764b8c446f.ko","_translationsConfigFile":"/home/cpu/.config/Code/clp/738ac08552cca045871a73764b8c446f.ko/tcf.json","_cacheRoot":"/home/cpu/.config/Code/clp/738ac08552cca045871a73764b8c446f.ko","_resolvedLanguagePackCoreLocation":"/home/cpu/.config/Code/clp/738ac08552cca045871a73764b8c446f.ko/c3511e6c69bb39013c4a4b7b9566ec1ca73fc4d5","_corruptedFile":"/home/cpu/.config/Code/clp/738ac08552cca045871a73764b8c446f.ko/corrupted.info","_languagePackSupport":true}
# default
MAKE_HOST := x86_64-pc-linux-gnu
# environment
GNOME_DESKTOP_SESSION_ID = this-is-deprecated
# makefile
SHELL = /bin/sh
# default
MAKECMDGOALS := all
# environment
XMODIFIERS = @im=ibus
# environment
GJS_DEBUG_TOPICS = JS ERROR;JS LOG
# environment
SHLVL = 0
# environment
MAKELEVEL := 0
# environment
IM_CONFIG_CHECK_ENV = 1
# default
MAKE = $(MAKE_COMMAND)
# environment
PATH = /usr/local/sbin:/usr/local/bin:/usr/sbin:/usr/bin:/sbin:/bin:/usr/games:/usr/local/games:/snap/bin:/snap/bin
# default
MAKEFILES := 
# environment
LANGUAGE = ko:en
# environment
LC_MONETARY = en_US.UTF-8
# automatic
^F = $(notdir $^)
# environment
LC_TIME = en_US.UTF-8
# environment
INVOCATION_ID = 2a0660fa3a1a415eaaf18c08affc8b77
# environment
VSCODE_LOG_NATIVE = false
# environment
USERNAME = cpu
# environment
GNOME_SETUP_DISPLAY = :1
# environment
LC_TELEPHONE = en_US.UTF-8
# environment
LESSCLOSE = /usr/bin/lesspipe %s %s
# automatic
?F = $(notdir $?)
# environment
XDG_CURRENT_DESKTOP = Unity
# environment
LS_COLORS = 
# automatic
+F = $(notdir $+)
# environment
DESKTOP_SESSION = ubuntu
# environment
ORIGINAL_XDG_CURRENT_DESKTOP = ubuntu:GNOME
# 'override' directive
GNUMAKEFLAGS := 
# environment
LOGNAME = cpu
# environment
GIO_LAUNCHED_DESKTOP_FILE = /usr/share/applications/code.desktop
# makefile
.DEFAULT_GOAL := file.out
# environment
SYSTEMD_EXEC_PID = 1438
# environment
DISPLAY = :0
# environment
USER = cpu
# environment
GTK_MODULES = gail:atk-bridge
# default
MAKE_VERSION := 4.3
# environment
MANAGERPID = 1275
# environment
LC_MEASUREMENT = en_US.UTF-8
# environment
GIO_LAUNCHED_DESKTOP_FILE_PID = 9885
# environment
_ = /usr/share/code/code
# environment
LC_PAPER = en_US.UTF-8
# environment
XDG_RUNTIME_DIR = /run/user/1000
# environment
JOURNAL_STREAM = 8:45088
# environment
XDG_SESSION_CLASS = user
# environment
VSCODE_AMD_ENTRYPOINT = vs/workbench/api/node/extensionHostProcess
# environment
HOME = /home/cpu
# environment
QT_IM_MODULE = ibus
# environment
ELECTRON_RUN_AS_NODE = 1
# environment
VSCODE_IPC_HOOK = /run/user/1000/vscode-82ba6d45-1.67.2-main.sock
# environment
IM_CONFIG_PHASE = 1
# environment
PAPERSIZE = letter
# default
.RECIPEPREFIX := 
# automatic
<F = $(notdir $<)
# default
SUFFIXES := 
# default
.FEATURES := target-specific order-only second-expansion else-if shortest-stem undefine oneshell nocomment grouped-target extra-prereqs archives jobserver output-sync check-symlink load
# environment
XDG_MENU_PREFIX = gnome-
# environment
GDMSESSION = ubuntu
# environment
LC_IDENTIFICATION = en_US.UTF-8
# variable set hash-table stats:
# Load=110/1024=11%, Rehash=0, Collisions=5/140=4%

# Pattern-specific Variable Values

# No pattern-specific variable values.

# Directories

# . (device 2051, inode 3148894): 8 files, no impossibilities.

# 8 files, no impossibilities in 1 directories.

# Implicit Rules

# No implicit rules.

# Files

# Not a target:
sub.c:
#  Implicit rule search has not been done.
#  Modification time never checked.
#  File has not been updated.

clean:
#  Implicit rule search has not been done.
#  Modification time never checked.
#  File has not been updated.
#  recipe to execute (from 'makefile', line 8):
	rm -rf *.o 

sub.o: sub.c
#  Implicit rule search has not been done.
#  Modification time never checked.
#  File has not been updated.
#  recipe to execute (from 'makefile', line 4):
	gcc -c -o sub.o sub.c

# Not a target:
.DEFAULT:
#  Implicit rule search has not been done.
#  Modification time never checked.
#  File has not been updated.

# Not a target:
all:
#  Command line target.
 
make: *** No rule to make target 'all'.  Stop.

#  Implicit rule search has been done.
#  File does not exist.
#  File has not been updated.

# Not a target:
main.c:
#  Implicit rule search has not been done.
#  Modification time never checked.
#  File has not been updated.

main.o: main.c
#  Implicit rule search has not been done.
#  Modification time never checked.
#  File has not been updated.
#  recipe to execute (from 'makefile', line 6):
	gcc -c -o main.o main.c

# Not a target:
makefile:
#  Implicit rule search has been done.
#  Last modified 2022-05-26 20:00:50.213290347
#  File has been updated.
#  Successfully updated.

file.out: sub.o main.o
#  Implicit rule search has not been done.
#  Modification time never checked.
#  File has not been updated.
#  recipe to execute (from 'makefile', line 2):
	gcc -o file.out sub.o main.o

# files hash-table stats:
# Load=10/1024=1%, Rehash=0, Collisions=0/26=0%
# VPATH Search Paths

# No 'vpath' search paths.

# No general ('VPATH' variable) search path.

# strcache buffers: 1 (0) / strings = 17 / storage = 129 B / avg = 7 B
# current buf: size = 8162 B / used = 129 B / count = 17 / avg = 7 B

# strcache performance: lookups = 29 / hit rate = 41%
# hash-table stats:
# Load=17/8192=0%, Rehash=0, Collisions=0/29=0%
# Finished Make data base on Thu May 26 20:05:00 2022

 
